# JRE version: OpenJDK Runtime Environment (8.0_152-b01) (build 1.8.0_152-release-1343-b01)
# Java VM: OpenJDK 64-Bit Server VM (25.152-b01 mixed mode windows-amd64 compressed oops)
Heap:
 PSYoungGen      total 341504K, used 229857K [0x00000000e0000000, 0x00000000fab00000, 0x0000000100000000)
  eden space 280064K, 60% used [0x00000000e0000000,0x00000000ea47dca0,0x00000000f1180000)
  from space 61440K, 99% used [0x00000000f5780000,0x00000000f937aa40,0x00000000f9380000)
  to   space 71680K, 0% used [0x00000000f1180000,0x00000000f1180000,0x00000000f5780000)
 ParOldGen       total 187392K, used 105714K [0x00000000a0000000, 0x00000000ab700000, 0x00000000e0000000)
  object space 187392K, 56% used [0x00000000a0000000,0x00000000a673c940,0x00000000ab700000)
 Metaspace       used 94958K, capacity 99434K, committed 100032K, reserved 1136640K
  class space    used 11749K, capacity 12573K, committed 12800K, reserved 1048576K
GC Heap History (10 events):
Event: 1887.070 GC heap before
{Heap before GC invocations=30 (full 4):
 PSYoungGen      total 251392K, used 219888K [0x00000000e0000000, 0x00000000f2400000, 0x0000000100000000)
  eden space 220672K, 99% used [0x00000000e0000000,0x00000000ed6bc360,0x00000000ed780000)
  from space 30720K, 0% used [0x00000000ed780000,0x00000000ed780000,0x00000000ef580000)
  to   space 30720K, 0% used [0x00000000f0600000,0x00000000f0600000,0x00000000f2400000)
 ParOldGen       total 187392K, used 49226K [0x00000000a0000000, 0x00000000ab700000, 0x00000000e0000000)
  object space 187392K, 26% used [0x00000000a0000000,0x00000000a30129e8,0x00000000ab700000)
 Metaspace       used 93532K, capacity 97850K, committed 98880K, reserved 1136640K
  class space    used 11643K, capacity 12423K, committed 12672K, reserved 1048576K
Event: 1887.091 GC heap after
Heap after GC invocations=30 (full 4):
 PSYoungGen      total 267264K, used 24619K [0x00000000e0000000, 0x00000000f2700000, 0x0000000100000000)
  eden space 236544K, 0% used [0x00000000e0000000,0x00000000e0000000,0x00000000ee700000)
  from space 30720K, 80% used [0x00000000f0600000,0x00000000f1e0aed8,0x00000000f2400000)
  to   space 31744K, 0% used [0x00000000ee700000,0x00000000ee700000,0x00000000f0600000)
 ParOldGen       total 187392K, used 49234K [0x00000000a0000000, 0x00000000ab700000, 0x00000000e0000000)
  object space 187392K, 26% used [0x00000000a0000000,0x00000000a30149e8,0x00000000ab700000)
 Metaspace       used 93532K, capacity 97850K, committed 98880K, reserved 1136640K
  class space    used 11643K, capacity 12423K, committed 12672K, reserved 1048576K
}
Event: 1888.486 GC heap before
{Heap before GC invocations=31 (full 4):
 PSYoungGen      total 267264K, used 261163K [0x00000000e0000000, 0x00000000f2700000, 0x0000000100000000)
  eden space 236544K, 100% used [0x00000000e0000000,0x00000000ee700000,0x00000000ee700000)
  from space 30720K, 80% used [0x00000000f0600000,0x00000000f1e0aed8,0x00000000f2400000)
  to   space 31744K, 0% used [0x00000000ee700000,0x00000000ee700000,0x00000000f0600000)
 ParOldGen       total 187392K, used 49234K [0x00000000a0000000, 0x00000000ab700000, 0x00000000e0000000)
  object space 187392K, 26% used [0x00000000a0000000,0x00000000a30149e8,0x00000000ab700000)
 Metaspace       used 93930K, capacity 98314K, committed 99136K, reserved 1136640K
  class space    used 11684K, capacity 12479K, committed 12672K, reserved 1048576K
Event: 1888.509 GC heap after
Heap after GC invocations=31 (full 4):
 PSYoungGen      total 268288K, used 23245K [0x00000000e0000000, 0x00000000f3b80000, 0x0000000100000000)
  eden space 236544K, 0% used [0x00000000e0000000,0x00000000e0000000,0x00000000ee700000)
  from space 31744K, 73% used [0x00000000ee700000,0x00000000efdb3798,0x00000000f0600000)
  to   space 32256K, 0% used [0x00000000f1c00000,0x00000000f1c00000,0x00000000f3b80000)
 ParOldGen       total 187392K, used 49242K [0x00000000a0000000, 0x00000000ab700000, 0x00000000e0000000)
  object space 187392K, 26% used [0x00000000a0000000,0x00000000a30169e8,0x00000000ab700000)
 Metaspace       used 93930K, capacity 98314K, committed 99136K, reserved 1136640K
  class space    used 11684K, capacity 12479K, committed 12672K, reserved 1048576K
}
Event: 1890.575 GC heap before
{Heap before GC invocations=32 (full 4):
 PSYoungGen      total 268288K, used 259789K [0x00000000e0000000, 0x00000000f3b80000, 0x0000000100000000)
  eden space 236544K, 100% used [0x00000000e0000000,0x00000000ee700000,0x00000000ee700000)
  from space 31744K, 73% used [0x00000000ee700000,0x00000000efdb3798,0x00000000f0600000)
  to   space 32256K, 0% used [0x00000000f1c00000,0x00000000f1c00000,0x00000000f3b80000)
 ParOldGen       total 187392K, used 49242K [0x00000000a0000000, 0x00000000ab700000, 0x00000000e0000000)
  object space 187392K, 26% used [0x00000000a0000000,0x00000000a30169e8,0x00000000ab700000)
 Metaspace       used 94102K, capacity 98442K, committed 99136K, reserved 1136640K
  class space    used 11686K, capacity 12479K, committed 12672K, reserved 1048576K
Event: 1890.631 GC heap after
Heap after GC invocations=32 (full 4):
 PSYoungGen      total 280064K, used 32247K [0x00000000e0000000, 0x00000000f5600000, 0x0000000100000000)
  eden space 247808K, 0% used [0x00000000e0000000,0x00000000e0000000,0x00000000ef200000)
  from space 32256K, 99% used [0x00000000f1c00000,0x00000000f3b7dc30,0x00000000f3b80000)
  to   space 43008K, 0% used [0x00000000ef200000,0x00000000ef200000,0x00000000f1c00000)
 ParOldGen       total 187392K, used 68215K [0x00000000a0000000, 0x00000000ab700000, 0x00000000e0000000)
  object space 187392K, 36% used [0x00000000a0000000,0x00000000a429dc50,0x00000000ab700000)
 Metaspace       used 94102K, capacity 98442K, committed 99136K, reserved 1136640K
  class space    used 11686K, capacity 12479K, committed 12672K, reserved 1048576K
}
Event: 1891.817 GC heap before
{Heap before GC invocations=33 (full 4):
 PSYoungGen      total 280064K, used 280055K [0x00000000e0000000, 0x00000000f5600000, 0x0000000100000000)
  eden space 247808K, 100% used [0x00000000e0000000,0x00000000ef200000,0x00000000ef200000)
  from space 32256K, 99% used [0x00000000f1c00000,0x00000000f3b7dc30,0x00000000f3b80000)
  to   space 43008K, 0% used [0x00000000ef200000,0x00000000ef200000,0x00000000f1c00000)
 ParOldGen       total 187392K, used 68215K [0x00000000a0000000, 0x00000000ab700000, 0x00000000e0000000)
  object space 187392K, 36% used [0x00000000a0000000,0x00000000a429dc50,0x00000000ab700000)
 Metaspace       used 94238K, capacity 98582K, committed 99392K, reserved 1136640K
  class space    used 11693K, capacity 12483K, committed 12672K, reserved 1048576K
Event: 1891.911 GC heap after
Heap after GC invocations=33 (full 4):
 PSYoungGen      total 290816K, used 42983K [0x00000000e0000000, 0x00000000f9380000, 0x0000000100000000)
  eden space 247808K, 0% used [0x00000000e0000000,0x00000000e0000000,0x00000000ef200000)
  from space 43008K, 99% used [0x00000000ef200000,0x00000000f1bf9ce8,0x00000000f1c00000)
  to   space 61440K, 0% used [0x00000000f5780000,0x00000000f5780000,0x00000000f9380000)
 ParOldGen       total 187392K, used 102555K [0x00000000a0000000, 0x00000000ab700000, 0x00000000e0000000)
  object space 187392K, 54% used [0x00000000a0000000,0x00000000a6426de8,0x00000000ab700000)
 Metaspace       used 94238K, capacity 98582K, committed 99392K, reserved 1136640K
  class space    used 11693K, capacity 12483K, committed 12672K, reserved 1048576K
}
Event: 1893.288 GC heap before
{Heap before GC invocations=34 (full 4):
 PSYoungGen      total 290816K, used 290791K [0x00000000e0000000, 0x00000000f9380000, 0x0000000100000000)
  eden space 247808K, 100% used [0x00000000e0000000,0x00000000ef200000,0x00000000ef200000)
  from space 43008K, 99% used [0x00000000ef200000,0x00000000f1bf9ce8,0x00000000f1c00000)
  to   space 61440K, 0% used [0x00000000f5780000,0x00000000f5780000,0x00000000f9380000)
 ParOldGen       total 187392K, used 102555K [0x00000000a0000000, 0x00000000ab700000, 0x00000000e0000000)
  object space 187392K, 54% used [0x00000000a0000000,0x00000000a6426de8,0x00000000ab700000)
 Metaspace       used 94521K, capacity 98938K, committed 99648K, reserved 1136640K
  class space    used 11714K, capacity 12527K, committed 12672K, reserved 1048576K
Event: 1893.367 GC heap after
Heap after GC invocations=34 (full 4):
 PSYoungGen      total 341504K, used 61418K [0x00000000e0000000, 0x00000000fab00000, 0x0000000100000000)
  eden space 280064K, 0% used [0x00000000e0000000,0x00000000e0000000,0x00000000f1180000)
  from space 61440K, 99% used [0x00000000f5780000,0x00000000f937aa40,0x00000000f9380000)
  to   space 71680K, 0% used [0x00000000f1180000,0x00000000f1180000,0x00000000f5780000)
 ParOldGen       total 187392K, used 105714K [0x00000000a0000000, 0x00000000ab700000, 0x00000000e0000000)
  object space 187392K, 56% used [0x00000000a0000000,0x00000000a673c940,0x00000000ab700000)
 Metaspace       used 94521K, capacity 98938K, committed 99648K, reserved 1136640K
  class space    used 11714K, capacity 12527K, committed 12672K, reserved 1048576K
}

